{
  "RSpec": {
    "coverage": {
      "/Users/alex/www/forestall/application.rb": [
        1,
        null,
        1,
        4,
        2,
        2,
        null,
        null,
        1,
        2,
        2,
        1,
        1,
        null,
        0,
        0,
        0,
        null,
        null,
        null,
        null,
        1,
        7,
        6,
        4,
        3,
        3,
        2,
        2,
        null,
        null,
        1,
        2,
        2,
        2,
        2,
        1,
        null
      ],
      "/Users/alex/www/forestall/config/environment.rb": [
        1,
        1,
        1,
        null,
        1,
        1,
        1,
        1,
        null,
        1,
        1,
        7,
        null,
        4,
        null,
        1,
        1,
        1,
        1,
        1,
        null,
        null,
        1,
        null,
        1,
        16,
        null
      ],
      "/Users/alex/www/forestall/config/initializers/error_handling.rb": [
        1,
        1,
        null,
        1,
        3,
        null,
        null,
        1,
        2,
        null,
        null,
        null,
        1
      ],
      "/Users/alex/www/forestall/config/initializers/logging.rb": [
        1,
        1,
        3
      ],
      "/Users/alex/www/forestall/config/initializers/sidekiq.rb": [
        1,
        2
      ],
      "/Users/alex/www/forestall/app/models/settings.rb": [
        1,
        1,
        1,
        null
      ],
      "/Users/alex/www/forestall/app/models/script.rb": [
        1,
        1,
        1,
        1,
        1,
        null,
        1,
        null,
        1,
        1,
        null,
        1,
        1,
        1,
        1,
        null,
        1,
        7,
        7,
        null,
        null,
        1,
        1,
        18,
        17,
        17,
        null,
        null
      ],
      "/Users/alex/www/forestall/app/models/concerns/state_machine.rb": [
        1,
        1,
        3,
        3,
        null,
        null,
        null,
        1,
        22,
        null,
        null,
        1,
        16,
        null,
        null
      ],
      "/Users/alex/www/forestall/app/models/session.rb": [
        1,
        1,
        1,
        1,
        1,
        null,
        1,
        null,
        1,
        null,
        1,
        18,
        null,
        null,
        1,
        null,
        null,
        null,
        null,
        null,
        null,
        3,
        null,
        null
      ],
      "/Users/alex/www/forestall/app/models/site.rb": [
        1,
        1,
        1,
        1,
        1,
        1,
        null,
        1,
        1,
        1,
        null,
        1,
        1,
        null,
        1,
        null,
        null,
        null,
        null,
        null,
        null,
        4,
        null,
        null,
        1,
        3,
        3,
        3,
        null,
        null,
        1,
        3,
        1,
        null,
        2,
        null,
        null,
        null,
        1,
        1,
        4,
        null,
        null
      ],
      "/Users/alex/www/forestall/app/models/source_code.rb": [
        1,
        1,
        1,
        1,
        1,
        1,
        null,
        1,
        null,
        1,
        1,
        1,
        null,
        1,
        12,
        11,
        11,
        null,
        null
      ],
      "/Users/alex/www/forestall/app/workers/source_code_analyzer.rb": [
        1,
        1,
        null,
        1,
        null,
        1,
        1,
        1,
        1,
        null,
        1,
        1,
        2,
        null,
        null,
        null
      ]
    },
    "timestamp": 1467181755
  }
}
